2024-08-21 10:30:40,887 - ERROR - Error fetching data for #GJ08UJYVL: 404 Client Error: Not Found for url: https://api.clashofclans.com/v1/players/%23GJ08UJYVL
2024-08-21 10:30:40,911 - ERROR - Error fetching data for #GRJV2C8Q9: 404 Client Error: Not Found for url: https://api.clashofclans.com/v1/players/%23GRJV2C8Q9
2024-08-21 10:30:41,566 - ERROR - Error fetching data for #QVPR0UJQJ: 404 Client Error: Not Found for url: https://api.clashofclans.com/v1/players/%23QVPR0UJQJ
2024-08-21 10:31:48,846 - ERROR - Error fetching data for #GYUYJ0GJU: 404 Client Error: Not Found for url: https://api.clashofclans.com/v1/players/%23GYUYJ0GJU
2024-08-21 10:31:49,815 - ERROR - Error fetching data for #GPPCUC229: 404 Client Error: Not Found for url: https://api.clashofclans.com/v1/players/%23GPPCUC229
2024-08-21 10:31:49,825 - ERROR - Error fetching data for #GQ0PJ80P2: 404 Client Error: Not Found for url: https://api.clashofclans.com/v1/players/%23GQ0PJ80P2
2024-08-21 10:31:49,862 - ERROR - Error fetching data for #GG2JYYYLC: 404 Client Error: Not Found for url: https://api.clashofclans.com/v1/players/%23GG2JYYYLC
2024-08-21 10:31:50,819 - ERROR - Error fetching data for #GPQR992QU: 404 Client Error: Not Found for url: https://api.clashofclans.com/v1/players/%23GPQR992QU
2024-08-21 10:31:50,871 - ERROR - Error fetching data for #GJGJLCLU8: 404 Client Error: Not Found for url: https://api.clashofclans.com/v1/players/%23GJGJLCLU8
2024-08-21 10:31:50,873 - ERROR - Error fetching data for #GRJJUY2LG: 404 Client Error: Not Found for url: https://api.clashofclans.com/v1/players/%23GRJJUY2LG
2024-08-21 10:31:51,846 - ERROR - Error fetching data for #QCQV90G2P: 404 Client Error: Not Found for url: https://api.clashofclans.com/v1/players/%23QCQV90G2P
2024-08-21 10:31:55,802 - ERROR - Error fetching data for #GP0Q28UYP: 404 Client Error: Not Found for url: https://api.clashofclans.com/v1/players/%23GP0Q28UYP
2024-08-21 10:31:56,826 - ERROR - Error fetching data for #GPQVY2V22: 404 Client Error: Not Found for url: https://api.clashofclans.com/v1/players/%23GPQVY2V22
2024-08-21 10:31:56,858 - ERROR - Error fetching data for #GGYP29U0C: 404 Client Error: Not Found for url: https://api.clashofclans.com/v1/players/%23GGYP29U0C
2024-08-21 10:32:06,852 - ERROR - Error fetching data for #GRRPVJ00L: 404 Client Error: Not Found for url: https://api.clashofclans.com/v1/players/%23GRRPVJ00L
2024-08-21 10:33:58,967 - ERROR - Error fetching data for #G2GV8GU2U: 404 Client Error: Not Found for url: https://api.clashofclans.com/v1/players/%23G2GV8GU2U
2024-08-21 10:33:59,966 - ERROR - Error fetching data for #GYQJVVLQV: 404 Client Error: Not Found for url: https://api.clashofclans.com/v1/players/%23GYQJVVLQV
2024-08-21 10:33:59,989 - ERROR - Error fetching data for #GQLR08299: 404 Client Error: Not Found for url: https://api.clashofclans.com/v1/players/%23GQLR08299
2024-08-21 10:33:59,994 - ERROR - Error fetching data for #G9URC0G8P: 404 Client Error: Not Found for url: https://api.clashofclans.com/v1/players/%23G9URC0G8P
2024-08-21 10:36:30,098 - ERROR - Error fetching data for #GLQG8QYL9: 404 Client Error: Not Found for url: https://api.clashofclans.com/v1/players/%23GLQG8QYL9
2024-08-21 10:38:32,260 - ERROR - Error fetching data for #GQ0QVLQ0Q: 404 Client Error: Not Found for url: https://api.clashofclans.com/v1/players/%23GQ0QVLQ0Q
2024-08-21 10:38:45,309 - ERROR - Error fetching data for #GG99GLUVP: 404 Client Error: Not Found for url: https://api.clashofclans.com/v1/players/%23GG99GLUVP
2024-08-21 10:40:20,495 - ERROR - Error fetching data for #G9CRQ0CLL: 404 Client Error: Not Found for url: https://api.clashofclans.com/v1/players/%23G9CRQ0CLL
2024-08-21 10:40:36,563 - ERROR - Error fetching data for #QVLQUQ2U9: 404 Client Error: Not Found for url: https://api.clashofclans.com/v1/players/%23QVLQUQ2U9
2024-08-21 10:40:55,600 - ERROR - Error fetching data for #G2G0LY20Y: 404 Client Error: Not Found for url: https://api.clashofclans.com/v1/players/%23G2G0LY20Y
2024-08-21 10:48:11,297 - ERROR - Error fetching data for #G28022JJL: 404 Client Error: Not Found for url: https://api.clashofclans.com/v1/players/%23G28022JJL
2024-08-21 10:49:16,108 - ERROR - Error fetching data for #G2G9G2CYQ: HTTPSConnectionPool(host='api.clashofclans.com', port=443): Read timed out. (read timeout=None)
2024-08-21 10:49:19,437 - ERROR - Error fetching data for #G2GPCVJQR: HTTPSConnectionPool(host='api.clashofclans.com', port=443): Read timed out. (read timeout=None)
2024-08-21 10:52:30,452 - ERROR - Error fetching data for #QCRQY9Y8L: 404 Client Error: Not Found for url: https://api.clashofclans.com/v1/players/%23QCRQY9Y8L
2024-08-21 10:54:55,899 - ERROR - Error fetching data for #GYCJ920PL: 404 Client Error: Not Found for url: https://api.clashofclans.com/v1/players/%23GYCJ920PL
2024-08-21 10:55:15,313 - ERROR - Error fetching data for #GQQCCG8L2: 404 Client Error: Not Found for url: https://api.clashofclans.com/v1/players/%23GQQCCG8L2
2024-08-21 10:55:30,373 - ERROR - Error fetching data for #GQQGLQYU0: 404 Client Error: Not Found for url: https://api.clashofclans.com/v1/players/%23GQQGLQYU0
2024-08-21 10:55:32,326 - ERROR - Error fetching data for #G29RRLV8Y: 404 Client Error: Not Found for url: https://api.clashofclans.com/v1/players/%23G29RRLV8Y
2024-08-21 10:56:16,390 - ERROR - Error fetching data for #GYYG0CRU2: 404 Client Error: Not Found for url: https://api.clashofclans.com/v1/players/%23GYYG0CRU2
2024-08-21 10:57:24,874 - ERROR - Error fetching data for #LPGJL8QQY: 404 Client Error: Not Found for url: https://api.clashofclans.com/v1/players/%23LPGJL8QQY
2024-08-21 10:57:25,855 - ERROR - Error fetching data for #LL2RU9YPQ: 404 Client Error: Not Found for url: https://api.clashofclans.com/v1/players/%23LL2RU9YPQ
2024-08-21 10:57:29,895 - ERROR - Error fetching data for #YCU0UYQ8V: 404 Client Error: Not Found for url: https://api.clashofclans.com/v1/players/%23YCU0UYQ8V
2024-08-21 10:57:30,823 - ERROR - Error fetching data for #QJVV8C2CL: 404 Client Error: Not Found for url: https://api.clashofclans.com/v1/players/%23QJVV8C2CL
2024-08-21 10:57:31,865 - ERROR - Error fetching data for #G9C0Q8G02: 404 Client Error: Not Found for url: https://api.clashofclans.com/v1/players/%23G9C0Q8G02
2024-08-21 10:59:33,077 - ERROR - Error fetching data for #Q98G8GP8J: 404 Client Error: Not Found for url: https://api.clashofclans.com/v1/players/%23Q98G8GP8J
2024-08-21 11:00:14,709 - ERROR - Error fetching data for #QYQPP0QU8: 404 Client Error: Not Found for url: https://api.clashofclans.com/v1/players/%23QYQPP0QU8
2024-08-21 11:01:39,679 - ERROR - Error fetching data for #GQPVU0YCP: 404 Client Error: Not Found for url: https://api.clashofclans.com/v1/players/%23GQPVU0YCP
2024-08-21 11:02:10,299 - ERROR - Error fetching data for #GJYVVYG29: 404 Client Error: Not Found for url: https://api.clashofclans.com/v1/players/%23GJYVVYG29
2024-08-21 11:02:10,378 - ERROR - Error fetching data for #GQCR2LGRU: 404 Client Error: Not Found for url: https://api.clashofclans.com/v1/players/%23GQCR2LGRU
2024-08-21 11:11:04,603 - ERROR - Error fetching data for #QR9U99P8J: 404 Client Error: Not Found for url: https://api.clashofclans.com/v1/players/%23QR9U99P8J
2024-08-21 11:11:04,608 - ERROR - Error fetching data for #G8J8J9LQR: 404 Client Error: Not Found for url: https://api.clashofclans.com/v1/players/%23G8J8J9LQR
2024-08-21 11:12:21,446 - ERROR - Error fetching data for #GQ9222PY9: 404 Client Error: Not Found for url: https://api.clashofclans.com/v1/players/%23GQ9222PY9
2024-08-21 11:15:07,483 - ERROR - Error fetching data for #Q92LLJGG2: 404 Client Error: Not Found for url: https://api.clashofclans.com/v1/players/%23Q92LLJGG2
2024-08-21 11:15:38,301 - ERROR - Error fetching data for #GPVGUC2UL: 404 Client Error: Not Found for url: https://api.clashofclans.com/v1/players/%23GPVGUC2UL
2024-08-21 11:18:34,291 - ERROR - Error fetching data for #G9VY8JJ8L: 404 Client Error: Not Found for url: https://api.clashofclans.com/v1/players/%23G9VY8JJ8L
2024-08-21 11:21:37,911 - ERROR - Error fetching data for #GRQJ8YULG: 404 Client Error: Not Found for url: https://api.clashofclans.com/v1/players/%23GRQJ8YULG
2024-08-21 11:23:05,121 - ERROR - Error fetching data for #GYQYR89Q0: 404 Client Error: Not Found for url: https://api.clashofclans.com/v1/players/%23GYQYR89Q0
2024-08-21 11:23:19,212 - ERROR - Error fetching data for #QC9PR989V: 404 Client Error: Not Found for url: https://api.clashofclans.com/v1/players/%23QC9PR989V
2024-08-21 11:23:29,216 - ERROR - Error fetching data for #GQYUU9LQ8: 404 Client Error: Not Found for url: https://api.clashofclans.com/v1/players/%23GQYUU9LQ8
2024-08-21 11:26:41,508 - ERROR - Error fetching data for #GPJU2JLQC: 404 Client Error: Not Found for url: https://api.clashofclans.com/v1/players/%23GPJU2JLQC
2024-08-21 11:29:33,879 - ERROR - Error fetching data for #GGPJY2PLU: 404 Client Error: Not Found for url: https://api.clashofclans.com/v1/players/%23GGPJY2PLU
2024-08-21 11:30:45,074 - ERROR - Error fetching data for #G90CGJVPV: 404 Client Error: Not Found for url: https://api.clashofclans.com/v1/players/%23G90CGJVPV
2024-08-21 11:31:55,088 - ERROR - Error fetching data for #GYY0Q02P0: 404 Client Error: Not Found for url: https://api.clashofclans.com/v1/players/%23GYY0Q02P0
2024-08-21 11:31:55,107 - ERROR - Error fetching data for #G9J8Q8GQG: 404 Client Error: Not Found for url: https://api.clashofclans.com/v1/players/%23G9J8Q8GQG
2024-08-21 11:31:56,128 - ERROR - Error fetching data for #G2YRJVL2V: 404 Client Error: Not Found for url: https://api.clashofclans.com/v1/players/%23G2YRJVL2V
2024-08-21 11:33:01,291 - ERROR - Error fetching data for #GYJP8GQJY: 404 Client Error: Not Found for url: https://api.clashofclans.com/v1/players/%23GYJP8GQJY
2024-08-21 11:33:06,314 - ERROR - Error fetching data for #QCRG9P8U2: 404 Client Error: Not Found for url: https://api.clashofclans.com/v1/players/%23QCRG9P8U2
2024-08-21 11:33:41,271 - ERROR - Error fetching data for #QVC90JJGC: 404 Client Error: Not Found for url: https://api.clashofclans.com/v1/players/%23QVC90JJGC
2024-08-21 11:33:41,289 - ERROR - Error fetching data for #QRRRLP0QV: 404 Client Error: Not Found for url: https://api.clashofclans.com/v1/players/%23QRRRLP0QV
2024-08-21 11:33:41,334 - ERROR - Error fetching data for #QVJGJ8YYC: 404 Client Error: Not Found for url: https://api.clashofclans.com/v1/players/%23QVJGJ8YYC
2024-08-21 11:34:22,537 - ERROR - Error fetching data for #GR0GRJV02: 404 Client Error: Not Found for url: https://api.clashofclans.com/v1/players/%23GR0GRJV02
2024-08-21 11:35:46,749 - ERROR - Error fetching data for #GJGLY90RQ: 404 Client Error: Not Found for url: https://api.clashofclans.com/v1/players/%23GJGLY90RQ
2024-08-21 11:36:23,815 - ERROR - Error fetching data for #G2L0UQGL0: 404 Client Error: Not Found for url: https://api.clashofclans.com/v1/players/%23G2L0UQGL0
2024-08-21 11:36:29,803 - ERROR - Error fetching data for #GJPYL9GP2: 404 Client Error: Not Found for url: https://api.clashofclans.com/v1/players/%23GJPYL9GP2
2024-08-21 11:37:21,015 - ERROR - Error fetching data for #GG20GGPCL: 404 Client Error: Not Found for url: https://api.clashofclans.com/v1/players/%23GG20GGPCL
2024-08-21 11:37:21,015 - ERROR - Error fetching data for #GQCGV2Q0G: 404 Client Error: Not Found for url: https://api.clashofclans.com/v1/players/%23GQCGV2Q0G
2024-08-21 11:37:21,030 - ERROR - Error fetching data for #GG0UCR9PL: 404 Client Error: Not Found for url: https://api.clashofclans.com/v1/players/%23GG0UCR9PL
2024-08-21 11:37:21,062 - ERROR - Error fetching data for #GRL90222V: 404 Client Error: Not Found for url: https://api.clashofclans.com/v1/players/%23GRL90222V
2024-08-21 11:37:21,062 - ERROR - Error fetching data for #GG0C0JQ0Q: 404 Client Error: Not Found for url: https://api.clashofclans.com/v1/players/%23GG0C0JQ0Q
2024-08-21 11:37:21,093 - ERROR - Error fetching data for #GRR8VVQPC: 404 Client Error: Not Found for url: https://api.clashofclans.com/v1/players/%23GRR8VVQPC
2024-08-21 11:37:22,030 - ERROR - Error fetching data for #GRRPY22P2: 404 Client Error: Not Found for url: https://api.clashofclans.com/v1/players/%23GRRPY22P2
2024-08-21 11:37:22,030 - ERROR - Error fetching data for #GLU9UYCUC: 404 Client Error: Not Found for url: https://api.clashofclans.com/v1/players/%23GLU9UYCUC
2024-08-21 11:37:22,030 - ERROR - Error fetching data for #GQRG2CRGV: 404 Client Error: Not Found for url: https://api.clashofclans.com/v1/players/%23GQRG2CRGV
2024-08-21 11:37:22,046 - ERROR - Error fetching data for #GLUR0CLUV: 404 Client Error: Not Found for url: https://api.clashofclans.com/v1/players/%23GLUR0CLUV
2024-08-21 11:37:23,031 - ERROR - Error fetching data for #GYYGC2VPL: 404 Client Error: Not Found for url: https://api.clashofclans.com/v1/players/%23GYYGC2VPL
2024-08-21 11:37:23,031 - ERROR - Error fetching data for #G0CCC8VJ8: 404 Client Error: Not Found for url: https://api.clashofclans.com/v1/players/%23G0CCC8VJ8
2024-08-21 11:37:23,046 - ERROR - Error fetching data for #GYYC880QG: 404 Client Error: Not Found for url: https://api.clashofclans.com/v1/players/%23GYYC880QG
2024-08-21 11:37:23,062 - ERROR - Error fetching data for #GG2908GUV: 404 Client Error: Not Found for url: https://api.clashofclans.com/v1/players/%23GG2908GUV
2024-08-21 11:37:23,077 - ERROR - Error fetching data for #GQRPGJYYP: 404 Client Error: Not Found for url: https://api.clashofclans.com/v1/players/%23GQRPGJYYP
2024-08-21 11:37:23,077 - ERROR - Error fetching data for #GJ0R0PUYU: 404 Client Error: Not Found for url: https://api.clashofclans.com/v1/players/%23GJ0R0PUYU
2024-08-21 11:37:23,109 - ERROR - Error fetching data for #GQ2UJQYL8: 404 Client Error: Not Found for url: https://api.clashofclans.com/v1/players/%23GQ2UJQYL8
2024-08-21 11:37:23,109 - ERROR - Error fetching data for #GP8C2QCUC: 404 Client Error: Not Found for url: https://api.clashofclans.com/v1/players/%23GP8C2QCUC
2024-08-21 11:37:23,999 - ERROR - Error fetching data for #GQJY0Q0CC: 404 Client Error: Not Found for url: https://api.clashofclans.com/v1/players/%23GQJY0Q0CC
2024-08-21 11:37:23,999 - ERROR - Error fetching data for #GG02JL8UU: 404 Client Error: Not Found for url: https://api.clashofclans.com/v1/players/%23GG02JL8UU
2024-08-21 11:37:24,030 - ERROR - Error fetching data for #GG88JPYCY: 404 Client Error: Not Found for url: https://api.clashofclans.com/v1/players/%23GG88JPYCY
2024-08-21 11:37:24,030 - ERROR - Error fetching data for #GJGVVLQLC: 404 Client Error: Not Found for url: https://api.clashofclans.com/v1/players/%23GJGVVLQLC
2024-08-21 11:37:24,030 - ERROR - Error fetching data for #GRJQ08CP8: 404 Client Error: Not Found for url: https://api.clashofclans.com/v1/players/%23GRJQ08CP8
2024-08-21 11:37:24,030 - ERROR - Error fetching data for #GGYG2GP22: 404 Client Error: Not Found for url: https://api.clashofclans.com/v1/players/%23GGYG2GP22
2024-08-21 11:37:24,030 - ERROR - Error fetching data for #GRQRQRG28: 404 Client Error: Not Found for url: https://api.clashofclans.com/v1/players/%23GRQRQRG28
2024-08-21 11:37:24,046 - ERROR - Error fetching data for #GG0CQY808: 404 Client Error: Not Found for url: https://api.clashofclans.com/v1/players/%23GG0CQY808
2024-08-21 11:37:24,046 - ERROR - Error fetching data for #GQJV8JPLR: 404 Client Error: Not Found for url: https://api.clashofclans.com/v1/players/%23GQJV8JPLR
2024-08-21 11:37:24,077 - ERROR - Error fetching data for #GQGLU8LRC: 404 Client Error: Not Found for url: https://api.clashofclans.com/v1/players/%23GQGLU8LRC
2024-08-21 11:37:24,998 - ERROR - Error fetching data for #GYJR8UVVP: 404 Client Error: Not Found for url: https://api.clashofclans.com/v1/players/%23GYJR8UVVP
2024-08-21 11:37:25,014 - ERROR - Error fetching data for #GQJV88LJP: 404 Client Error: Not Found for url: https://api.clashofclans.com/v1/players/%23GQJV88LJP
2024-08-21 11:37:25,029 - ERROR - Error fetching data for #GYQUG2LVR: 404 Client Error: Not Found for url: https://api.clashofclans.com/v1/players/%23GYQUG2LVR
2024-08-21 11:37:25,045 - ERROR - Error fetching data for #G2GUQ88CP: 404 Client Error: Not Found for url: https://api.clashofclans.com/v1/players/%23G2GUQ88CP
2024-08-21 11:37:25,061 - ERROR - Error fetching data for #GJPYQ0VGC: 404 Client Error: Not Found for url: https://api.clashofclans.com/v1/players/%23GJPYQ0VGC
2024-08-21 11:37:25,061 - ERROR - Error fetching data for #GJ0R0LCCU: 404 Client Error: Not Found for url: https://api.clashofclans.com/v1/players/%23GJ0R0LCCU
2024-08-21 11:37:25,092 - ERROR - Error fetching data for #GL9G9YUC0: 404 Client Error: Not Found for url: https://api.clashofclans.com/v1/players/%23GL9G9YUC0
2024-08-21 11:37:26,092 - ERROR - Error fetching data for #GP8RJYCYV: 404 Client Error: Not Found for url: https://api.clashofclans.com/v1/players/%23GP8RJYCYV
2024-08-21 11:37:26,997 - ERROR - Error fetching data for #GJ0P2JGLC: 404 Client Error: Not Found for url: https://api.clashofclans.com/v1/players/%23GJ0P2JGLC
2024-08-21 11:37:27,029 - ERROR - Error fetching data for #GLCJPLCJC: 404 Client Error: Not Found for url: https://api.clashofclans.com/v1/players/%23GLCJPLCJC
2024-08-21 11:37:27,044 - ERROR - Error fetching data for #GYQ22J8Q2: 404 Client Error: Not Found for url: https://api.clashofclans.com/v1/players/%23GYQ22J8Q2
2024-08-21 11:37:27,044 - ERROR - Error fetching data for #GJ0LLV0Y0: 404 Client Error: Not Found for url: https://api.clashofclans.com/v1/players/%23GJ0LLV0Y0
2024-08-21 11:37:27,060 - ERROR - Error fetching data for #G0GUQQLG2: 404 Client Error: Not Found for url: https://api.clashofclans.com/v1/players/%23G0GUQQLG2
2024-08-21 11:37:27,076 - ERROR - Error fetching data for #GRRYY28JR: 404 Client Error: Not Found for url: https://api.clashofclans.com/v1/players/%23GRRYY28JR
2024-08-21 11:37:27,076 - ERROR - Error fetching data for #GJP9QY82U: 404 Client Error: Not Found for url: https://api.clashofclans.com/v1/players/%23GJP9QY82U
2024-08-21 11:37:28,029 - ERROR - Error fetching data for #GLLPLUG9L: 404 Client Error: Not Found for url: https://api.clashofclans.com/v1/players/%23GLLPLUG9L
2024-08-21 11:37:40,061 - ERROR - Error fetching data for #GRCCLJLPQ: 404 Client Error: Not Found for url: https://api.clashofclans.com/v1/players/%23GRCCLJLPQ
2024-08-21 11:38:20,021 - ERROR - Error fetching data for #G0PVQ2UCC: 404 Client Error: Not Found for url: https://api.clashofclans.com/v1/players/%23G0PVQ2UCC
2024-08-21 11:38:55,080 - ERROR - Error fetching data for #G9CULG0L9: 404 Client Error: Not Found for url: https://api.clashofclans.com/v1/players/%23G9CULG0L9
